  SampleShapeInterpolation.cpp
f:\code\opencv3.1.0\opencv\build\include\opencv2\core\mat.hpp(1965): warning C4819: 该文件包含不能在当前代码页(936)中表示的字符。请将该文件保存为 Unicode 格式以防止数据丢失
f:\code\opencv3.1.0\opencv\build\include\opencv2\core\persistence.hpp : warning C4819: 该文件包含不能在当前代码页(936)中表示的字符。请将该文件保存为 Unicode 格式以防止数据丢失
f:\code\opencv3.1.0\opencv\build\include\opencv2\core\utility.hpp : warning C4819: 该文件包含不能在当前代码页(936)中表示的字符。请将该文件保存为 Unicode 格式以防止数据丢失
f:\code\projects\zqlib\zqlib\zq_taucsbase.h(71): warning C4244: “=”: 从“const double”转换到“float”，可能丢失数据
  f:\code\projects\zqlib\zqlib\zq_taucsbase.h(284): note: 参见对正在编译的函数 模板 实例化“taucs_ccs_matrix *ZQ::ZQ_TaucsBase::ZQ_taucs_ccs_CreateMatrixFromColumns<double>(std::vector<std::map<int,double,std::less<int>,std::allocator<std::pair<const _Kty,_Ty>>>,std::allocator<std::map<_Kty,_Ty,std::less<int>,std::allocator<std::pair<const _Kty,_Ty>>>>> &,int,int)”的引用
          with
          [
              _Kty=int,
              _Ty=double
          ]
f:\code\projects\zqlib\sampleshapeinterpolation\zq_shapeinterpolation.h(160): error C2784: “std::reverse_iterator<_RanIt> std::operator +(reverse_iterator<_RanIt>::difference_type,const std::reverse_iterator<_RanIt> &)”: 未能从“int”为“const std::reverse_iterator<_RanIt> &”推导 模板 参数
  c:\program files (x86)\microsoft visual studio 14.0\vc\include\xutility(1280): note: 参见“std::operator +”的声明
  f:\code\projects\zqlib\sampleshapeinterpolation\zq_shapeinterpolation.h(105): note: 编译类 模板 成员函数“bool ZQ::ZQ_ShapeInterpolation<T>::BuildMatrix(int,const int *,int,const T *,const T *,bool,int)”时
          with
          [
              T=float
          ]
  f:\code\projects\zqlib\sampleshapeinterpolation\sampleshapeinterpolation.cpp(44): note: 参见对正在编译的函数 模板 实例化“bool ZQ::ZQ_ShapeInterpolation<T>::BuildMatrix(int,const int *,int,const T *,const T *,bool,int)”的引用
          with
          [
              T=float
          ]
  f:\code\projects\zqlib\sampleshapeinterpolation\sampleshapeinterpolation.cpp(43): note: 参见对正在编译的类 模板 实例化“ZQ::ZQ_ShapeInterpolation<T>”的引用
          with
          [
              T=float
          ]
  f:\code\projects\zqlib\sampleshapeinterpolation\sampleshapeinterpolation.cpp(105): note: 参见对正在编译的函数 模板 实例化“void test<float>(void)”的引用
f:\code\projects\zqlib\sampleshapeinterpolation\zq_shapeinterpolation.h(160): error C2784: “std::_Array_const_iterator<_Ty,_Size> std::operator +(_Array_const_iterator<_Ty,_Size>::difference_type,std::_Array_const_iterator<_Ty,_Size>)”: 未能从“int”为“std::_Array_const_iterator<_Ty,_Size>”推导 模板 参数
  c:\program files (x86)\microsoft visual studio 14.0\vc\include\xutility(1910): note: 参见“std::operator +”的声明
f:\code\projects\zqlib\sampleshapeinterpolation\zq_shapeinterpolation.h(160): error C2784: “std::_Array_iterator<_Ty,_Size> std::operator +(_Array_iterator<_Ty,_Size>::difference_type,std::_Array_iterator<_Ty,_Size>)”: 未能从“int”为“std::_Array_iterator<_Ty,_Size>”推导 模板 参数
  c:\program files (x86)\microsoft visual studio 14.0\vc\include\xutility(2046): note: 参见“std::operator +”的声明
f:\code\projects\zqlib\sampleshapeinterpolation\zq_shapeinterpolation.h(160): error C2784: “std::move_iterator<_RanIt> std::operator +(_Diff,const std::move_iterator<_RanIt> &)”: 未能从“int”为“const std::move_iterator<_RanIt> &”推导 模板 参数
  c:\program files (x86)\microsoft visual studio 14.0\vc\include\xutility(2195): note: 参见“std::operator +”的声明
f:\code\projects\zqlib\sampleshapeinterpolation\zq_shapeinterpolation.h(160): error C2784: “std::_String_const_iterator<_Mystr> std::operator +(_String_const_iterator<_Mystr>::difference_type,std::_String_const_iterator<_Mystr>)”: 未能从“int”为“std::_String_const_iterator<_Mystr>”推导 模板 参数
  c:\program files (x86)\microsoft visual studio 14.0\vc\include\xstring(293): note: 参见“std::operator +”的声明
f:\code\projects\zqlib\sampleshapeinterpolation\zq_shapeinterpolation.h(160): error C2784: “std::_String_iterator<_Mystr> std::operator +(_String_iterator<_Mystr>::difference_type,std::_String_iterator<_Mystr>)”: 未能从“int”为“std::_String_iterator<_Mystr>”推导 模板 参数
  c:\program files (x86)\microsoft visual studio 14.0\vc\include\xstring(425): note: 参见“std::operator +”的声明
f:\code\projects\zqlib\sampleshapeinterpolation\zq_shapeinterpolation.h(160): error C2784: “std::basic_string<_Elem,_Traits,_Alloc> std::operator +(const std::basic_string<_Elem,_Traits,_Alloc> &,const std::basic_string<_Elem,_Traits,_Alloc> &)”: 未能从“std::vector<float,std::allocator<_Ty>>”为“const std::basic_string<_Elem,_Traits,_Alloc> &”推导 模板 参数
          with
          [
              _Ty=float
          ]
  c:\program files (x86)\microsoft visual studio 14.0\vc\include\xstring(2310): note: 参见“std::operator +”的声明
f:\code\projects\zqlib\sampleshapeinterpolation\zq_shapeinterpolation.h(160): error C2784: “std::basic_string<_Elem,_Traits,_Alloc> std::operator +(const _Elem *,const std::basic_string<_Elem,_Traits,_Alloc> &)”: 未能从“std::vector<float,std::allocator<_Ty>>”为“const _Elem *”推导 模板 参数
          with
          [
              _Ty=float
          ]
  c:\program files (x86)\microsoft visual studio 14.0\vc\include\xstring(2324): note: 参见“std::operator +”的声明
f:\code\projects\zqlib\sampleshapeinterpolation\zq_shapeinterpolation.h(160): error C2784: “std::basic_string<_Elem,_Traits,_Alloc> std::operator +(const _Elem,const std::basic_string<_Elem,_Traits,_Alloc> &)”: 未能从“int”为“const std::basic_string<_Elem,_Traits,_Alloc> &”推导 模板 参数
  c:\program files (x86)\microsoft visual studio 14.0\vc\include\xstring(2338): note: 参见“std::operator +”的声明
f:\code\projects\zqlib\sampleshapeinterpolation\zq_shapeinterpolation.h(160): error C2784: “std::basic_string<_Elem,_Traits,_Alloc> std::operator +(const std::basic_string<_Elem,_Traits,_Alloc> &,const _Elem *)”: 未能从“std::vector<float,std::allocator<_Ty>>”为“const std::basic_string<_Elem,_Traits,_Alloc> &”推导 模板 参数
          with
          [
              _Ty=float
          ]
  c:\program files (x86)\microsoft visual studio 14.0\vc\include\xstring(2352): note: 参见“std::operator +”的声明
f:\code\projects\zqlib\sampleshapeinterpolation\zq_shapeinterpolation.h(160): error C2784: “std::basic_string<_Elem,_Traits,_Alloc> std::operator +(const std::basic_string<_Elem,_Traits,_Alloc> &,const _Elem)”: 未能从“std::vector<float,std::allocator<_Ty>>”为“const std::basic_string<_Elem,_Traits,_Alloc> &”推导 模板 参数
          with
          [
              _Ty=float
          ]
  c:\program files (x86)\microsoft visual studio 14.0\vc\include\xstring(2366): note: 参见“std::operator +”的声明
f:\code\projects\zqlib\sampleshapeinterpolation\zq_shapeinterpolation.h(160): error C2784: “std::basic_string<_Elem,_Traits,_Alloc> std::operator +(const std::basic_string<_Elem,_Traits,_Alloc> &,std::basic_string<_Elem,_Traits,_Alloc> &&)”: 未能从“std::vector<float,std::allocator<_Ty>>”为“const std::basic_string<_Elem,_Traits,_Alloc> &”推导 模板 参数
          with
          [
              _Ty=float
          ]
  c:\program files (x86)\microsoft visual studio 14.0\vc\include\xstring(2380): note: 参见“std::operator +”的声明
f:\code\projects\zqlib\sampleshapeinterpolation\zq_shapeinterpolation.h(160): error C2784: “std::basic_string<_Elem,_Traits,_Alloc> std::operator +(std::basic_string<_Elem,_Traits,_Alloc> &&,const std::basic_string<_Elem,_Traits,_Alloc> &)”: 未能从“std::vector<float,std::allocator<_Ty>>”为“std::basic_string<_Elem,_Traits,_Alloc> &&”推导 模板 参数
          with
          [
              _Ty=float
          ]
  c:\program files (x86)\microsoft visual studio 14.0\vc\include\xstring(2390): note: 参见“std::operator +”的声明
f:\code\projects\zqlib\sampleshapeinterpolation\zq_shapeinterpolation.h(160): error C2784: “std::basic_string<_Elem,_Traits,_Alloc> std::operator +(std::basic_string<_Elem,_Traits,_Alloc> &&,std::basic_string<_Elem,_Traits,_Alloc> &&)”: 未能从“std::vector<float,std::allocator<_Ty>>”为“std::basic_string<_Elem,_Traits,_Alloc> &&”推导 模板 参数
          with
          [
              _Ty=float
          ]
  c:\program files (x86)\microsoft visual studio 14.0\vc\include\xstring(2400): note: 参见“std::operator +”的声明
f:\code\projects\zqlib\sampleshapeinterpolation\zq_shapeinterpolation.h(160): error C2784: “std::basic_string<_Elem,_Traits,_Alloc> std::operator +(const _Elem *,std::basic_string<_Elem,_Traits,_Alloc> &&)”: 未能从“std::vector<float,std::allocator<_Ty>>”为“const _Elem *”推导 模板 参数
          with
          [
              _Ty=float
          ]
  c:\program files (x86)\microsoft visual studio 14.0\vc\include\xstring(2414): note: 参见“std::operator +”的声明
f:\code\projects\zqlib\sampleshapeinterpolation\zq_shapeinterpolation.h(160): error C2784: “std::basic_string<_Elem,_Traits,_Alloc> std::operator +(const _Elem,std::basic_string<_Elem,_Traits,_Alloc> &&)”: 未能从“int”为“std::basic_string<_Elem,_Traits,_Alloc> &&”推导 模板 参数
  c:\program files (x86)\microsoft visual studio 14.0\vc\include\xstring(2424): note: 参见“std::operator +”的声明
f:\code\projects\zqlib\sampleshapeinterpolation\zq_shapeinterpolation.h(160): error C2784: “std::basic_string<_Elem,_Traits,_Alloc> std::operator +(std::basic_string<_Elem,_Traits,_Alloc> &&,const _Elem *)”: 未能从“std::vector<float,std::allocator<_Ty>>”为“std::basic_string<_Elem,_Traits,_Alloc> &&”推导 模板 参数
          with
          [
              _Ty=float
          ]
  c:\program files (x86)\microsoft visual studio 14.0\vc\include\xstring(2436): note: 参见“std::operator +”的声明
f:\code\projects\zqlib\sampleshapeinterpolation\zq_shapeinterpolation.h(160): error C2784: “std::basic_string<_Elem,_Traits,_Alloc> std::operator +(std::basic_string<_Elem,_Traits,_Alloc> &&,const _Elem)”: 未能从“std::vector<float,std::allocator<_Ty>>”为“std::basic_string<_Elem,_Traits,_Alloc> &&”推导 模板 参数
          with
          [
              _Ty=float
          ]
  c:\program files (x86)\microsoft visual studio 14.0\vc\include\xstring(2446): note: 参见“std::operator +”的声明
f:\code\projects\zqlib\sampleshapeinterpolation\zq_shapeinterpolation.h(160): error C2784: “std::_Vector_const_iterator<_Myvec> std::operator +(_Vector_const_iterator<_Myvec>::difference_type,std::_Vector_const_iterator<_Myvec>)”: 未能从“int”为“std::_Vector_const_iterator<_Myvec>”推导 模板 参数
  c:\program files (x86)\microsoft visual studio 14.0\vc\include\vector(285): note: 参见“std::operator +”的声明
f:\code\projects\zqlib\sampleshapeinterpolation\zq_shapeinterpolation.h(160): error C2784: “std::_Vector_iterator<_Myvec> std::operator +(_Vector_iterator<_Myvec>::difference_type,std::_Vector_iterator<_Myvec>)”: 未能从“int”为“std::_Vector_iterator<_Myvec>”推导 模板 参数
  c:\program files (x86)\microsoft visual studio 14.0\vc\include\vector(416): note: 参见“std::operator +”的声明
f:\code\projects\zqlib\sampleshapeinterpolation\zq_shapeinterpolation.h(160): error C2784: “std::_Vb_const_iterator<_Alloc> std::operator +(_Alloc::difference_type,std::_Vb_const_iterator<_Alloc>)”: 未能从“int”为“std::_Vb_const_iterator<_Alloc>”推导 模板 参数
  c:\program files (x86)\microsoft visual studio 14.0\vc\include\vector(2203): note: 参见“std::operator +”的声明
f:\code\projects\zqlib\sampleshapeinterpolation\zq_shapeinterpolation.h(160): error C2784: “std::_Vb_iterator<_Alloc> std::operator +(_Alloc::difference_type,std::_Vb_iterator<_Alloc>)”: 未能从“int”为“std::_Vb_iterator<_Alloc>”推导 模板 参数
  c:\program files (x86)\microsoft visual studio 14.0\vc\include\vector(2310): note: 参见“std::operator +”的声明
f:\code\projects\zqlib\sampleshapeinterpolation\zq_shapeinterpolation.h(160): error C2784: “std::complex<_Other> std::operator +(const std::complex<_Other> &,const std::complex<_Other> &)”: 未能从“std::vector<float,std::allocator<_Ty>>”为“const std::complex<_Other> &”推导 模板 参数
          with
          [
              _Ty=float
          ]
  c:\program files (x86)\microsoft visual studio 14.0\vc\include\xcomplex(6): note: 参见“std::operator +”的声明
f:\code\projects\zqlib\sampleshapeinterpolation\zq_shapeinterpolation.h(160): error C2784: “std::complex<_Other> std::operator +(const std::complex<_Other> &,const _Ty &)”: 未能从“std::vector<float,std::allocator<_Ty>>”为“const std::complex<_Other> &”推导 模板 参数
          with
          [
              _Ty=float
          ]
  c:\program files (x86)\microsoft visual studio 14.0\vc\include\xcomplex(14): note: 参见“std::operator +”的声明
f:\code\projects\zqlib\sampleshapeinterpolation\zq_shapeinterpolation.h(160): error C2784: “std::complex<_Other> std::operator +(const _Ty &,const std::complex<_Other> &)”: 未能从“int”为“const std::complex<_Other> &”推导 模板 参数
  c:\program files (x86)\microsoft visual studio 14.0\vc\include\xcomplex(23): note: 参见“std::operator +”的声明
f:\code\projects\zqlib\sampleshapeinterpolation\zq_shapeinterpolation.h(160): error C2784: “std::_Deque_unchecked_const_iterator<_Mydeque> std::operator +(_Deque_unchecked_const_iterator<_Mydeque>::difference_type,std::_Deque_unchecked_const_iterator<_Mydeque>)”: 未能从“int”为“std::_Deque_unchecked_const_iterator<_Mydeque>”推导 模板 参数
  c:\program files (x86)\microsoft visual studio 14.0\vc\include\deque(166): note: 参见“std::operator +”的声明
f:\code\projects\zqlib\sampleshapeinterpolation\zq_shapeinterpolation.h(160): error C2784: “std::_Deque_unchecked_iterator<_Mydeque> std::operator +(_Deque_unchecked_iterator<_Mydeque>::difference_type,std::_Deque_unchecked_iterator<_Mydeque>)”: 未能从“int”为“std::_Deque_unchecked_iterator<_Mydeque>”推导 模板 参数
  c:\program files (x86)\microsoft visual studio 14.0\vc\include\deque(271): note: 参见“std::operator +”的声明
f:\code\projects\zqlib\sampleshapeinterpolation\zq_shapeinterpolation.h(160): error C2784: “std::_Deque_const_iterator<_Mydeque> std::operator +(_Deque_const_iterator<_Mydeque>::difference_type,std::_Deque_const_iterator<_Mydeque>)”: 未能从“int”为“std::_Deque_const_iterator<_Mydeque>”推导 模板 参数
  c:\program files (x86)\microsoft visual studio 14.0\vc\include\deque(542): note: 参见“std::operator +”的声明
f:\code\projects\zqlib\sampleshapeinterpolation\zq_shapeinterpolation.h(160): error C2784: “std::_Deque_iterator<_Mydeque> std::operator +(_Deque_iterator<_Mydeque>::difference_type,std::_Deque_iterator<_Mydeque>)”: 未能从“int”为“std::_Deque_iterator<_Mydeque>”推导 模板 参数
  c:\program files (x86)\microsoft visual studio 14.0\vc\include\deque(675): note: 参见“std::operator +”的声明
f:\code\projects\zqlib\sampleshapeinterpolation\zq_shapeinterpolation.h(160): error C2676: 二进制“+”:“std::vector<float,std::allocator<_Ty>>”不定义该运算符或到预定义运算符可接收的类型的转换
          with
          [
              _Ty=float
          ]
f:\code\projects\zqlib\sampleshapeinterpolation\zq_shapeinterpolation.h(160): error C2088: “+”: 对于 class 非法
f:\code\projects\zqlib\sampleshapeinterpolation\zq_shapeinterpolation.h(161): error C2784: “std::reverse_iterator<_RanIt> std::operator +(reverse_iterator<_RanIt>::difference_type,const std::reverse_iterator<_RanIt> &)”: 未能从“int”为“const std::reverse_iterator<_RanIt> &”推导 模板 参数
  c:\program files (x86)\microsoft visual studio 14.0\vc\include\xutility(1280): note: 参见“std::operator +”的声明
f:\code\projects\zqlib\sampleshapeinterpolation\zq_shapeinterpolation.h(161): error C2784: “std::_Array_const_iterator<_Ty,_Size> std::operator +(_Array_const_iterator<_Ty,_Size>::difference_type,std::_Array_const_iterator<_Ty,_Size>)”: 未能从“int”为“std::_Array_const_iterator<_Ty,_Size>”推导 模板 参数
  c:\program files (x86)\microsoft visual studio 14.0\vc\include\xutility(1910): note: 参见“std::operator +”的声明
f:\code\projects\zqlib\sampleshapeinterpolation\zq_shapeinterpolation.h(161): error C2784: “std::_Array_iterator<_Ty,_Size> std::operator +(_Array_iterator<_Ty,_Size>::difference_type,std::_Array_iterator<_Ty,_Size>)”: 未能从“int”为“std::_Array_iterator<_Ty,_Size>”推导 模板 参数
  c:\program files (x86)\microsoft visual studio 14.0\vc\include\xutility(2046): note: 参见“std::operator +”的声明
f:\code\projects\zqlib\sampleshapeinterpolation\zq_shapeinterpolation.h(161): error C2784: “std::move_iterator<_RanIt> std::operator +(_Diff,const std::move_iterator<_RanIt> &)”: 未能从“int”为“const std::move_iterator<_RanIt> &”推导 模板 参数
  c:\program files (x86)\microsoft visual studio 14.0\vc\include\xutility(2195): note: 参见“std::operator +”的声明
f:\code\projects\zqlib\sampleshapeinterpolation\zq_shapeinterpolation.h(161): error C2784: “std::_String_const_iterator<_Mystr> std::operator +(_String_const_iterator<_Mystr>::difference_type,std::_String_const_iterator<_Mystr>)”: 未能从“int”为“std::_String_const_iterator<_Mystr>”推导 模板 参数
  c:\program files (x86)\microsoft visual studio 14.0\vc\include\xstring(293): note: 参见“std::operator +”的声明
f:\code\projects\zqlib\sampleshapeinterpolation\zq_shapeinterpolation.h(161): error C2784: “std::_String_iterator<_Mystr> std::operator +(_String_iterator<_Mystr>::difference_type,std::_String_iterator<_Mystr>)”: 未能从“int”为“std::_String_iterator<_Mystr>”推导 模板 参数
  c:\program files (x86)\microsoft visual studio 14.0\vc\include\xstring(425): note: 参见“std::operator +”的声明
f:\code\projects\zqlib\sampleshapeinterpolation\zq_shapeinterpolation.h(161): error C2784: “std::basic_string<_Elem,_Traits,_Alloc> std::operator +(const std::basic_string<_Elem,_Traits,_Alloc> &,const std::basic_string<_Elem,_Traits,_Alloc> &)”: 未能从“std::vector<float,std::allocator<_Ty>>”为“const std::basic_string<_Elem,_Traits,_Alloc> &”推导 模板 参数
          with
          [
              _Ty=float
          ]
  c:\program files (x86)\microsoft visual studio 14.0\vc\include\xstring(2310): note: 参见“std::operator +”的声明
f:\code\projects\zqlib\sampleshapeinterpolation\zq_shapeinterpolation.h(161): error C2784: “std::basic_string<_Elem,_Traits,_Alloc> std::operator +(const _Elem *,const std::basic_string<_Elem,_Traits,_Alloc> &)”: 未能从“std::vector<float,std::allocator<_Ty>>”为“const _Elem *”推导 模板 参数
          with
          [
              _Ty=float
          ]
  c:\program files (x86)\microsoft visual studio 14.0\vc\include\xstring(2324): note: 参见“std::operator +”的声明
f:\code\projects\zqlib\sampleshapeinterpolation\zq_shapeinterpolation.h(161): error C2784: “std::basic_string<_Elem,_Traits,_Alloc> std::operator +(const _Elem,const std::basic_string<_Elem,_Traits,_Alloc> &)”: 未能从“int”为“const std::basic_string<_Elem,_Traits,_Alloc> &”推导 模板 参数
  c:\program files (x86)\microsoft visual studio 14.0\vc\include\xstring(2338): note: 参见“std::operator +”的声明
f:\code\projects\zqlib\sampleshapeinterpolation\zq_shapeinterpolation.h(161): error C2784: “std::basic_string<_Elem,_Traits,_Alloc> std::operator +(const std::basic_string<_Elem,_Traits,_Alloc> &,const _Elem *)”: 未能从“std::vector<float,std::allocator<_Ty>>”为“const std::basic_string<_Elem,_Traits,_Alloc> &”推导 模板 参数
          with
          [
              _Ty=float
          ]
  c:\program files (x86)\microsoft visual studio 14.0\vc\include\xstring(2352): note: 参见“std::operator +”的声明
f:\code\projects\zqlib\sampleshapeinterpolation\zq_shapeinterpolation.h(161): error C2784: “std::basic_string<_Elem,_Traits,_Alloc> std::operator +(const std::basic_string<_Elem,_Traits,_Alloc> &,const _Elem)”: 未能从“std::vector<float,std::allocator<_Ty>>”为“const std::basic_string<_Elem,_Traits,_Alloc> &”推导 模板 参数
          with
          [
              _Ty=float
          ]
  c:\program files (x86)\microsoft visual studio 14.0\vc\include\xstring(2366): note: 参见“std::operator +”的声明
f:\code\projects\zqlib\sampleshapeinterpolation\zq_shapeinterpolation.h(161): error C2784: “std::basic_string<_Elem,_Traits,_Alloc> std::operator +(const std::basic_string<_Elem,_Traits,_Alloc> &,std::basic_string<_Elem,_Traits,_Alloc> &&)”: 未能从“std::vector<float,std::allocator<_Ty>>”为“const std::basic_string<_Elem,_Traits,_Alloc> &”推导 模板 参数
          with
          [
              _Ty=float
          ]
  c:\program files (x86)\microsoft visual studio 14.0\vc\include\xstring(2380): note: 参见“std::operator +”的声明
f:\code\projects\zqlib\sampleshapeinterpolation\zq_shapeinterpolation.h(161): error C2784: “std::basic_string<_Elem,_Traits,_Alloc> std::operator +(std::basic_string<_Elem,_Traits,_Alloc> &&,const std::basic_string<_Elem,_Traits,_Alloc> &)”: 未能从“std::vector<float,std::allocator<_Ty>>”为“std::basic_string<_Elem,_Traits,_Alloc> &&”推导 模板 参数
          with
          [
              _Ty=float
          ]
  c:\program files (x86)\microsoft visual studio 14.0\vc\include\xstring(2390): note: 参见“std::operator +”的声明
f:\code\projects\zqlib\sampleshapeinterpolation\zq_shapeinterpolation.h(161): error C2784: “std::basic_string<_Elem,_Traits,_Alloc> std::operator +(std::basic_string<_Elem,_Traits,_Alloc> &&,std::basic_string<_Elem,_Traits,_Alloc> &&)”: 未能从“std::vector<float,std::allocator<_Ty>>”为“std::basic_string<_Elem,_Traits,_Alloc> &&”推导 模板 参数
          with
          [
              _Ty=float
          ]
  c:\program files (x86)\microsoft visual studio 14.0\vc\include\xstring(2400): note: 参见“std::operator +”的声明
f:\code\projects\zqlib\sampleshapeinterpolation\zq_shapeinterpolation.h(161): error C2784: “std::basic_string<_Elem,_Traits,_Alloc> std::operator +(const _Elem *,std::basic_string<_Elem,_Traits,_Alloc> &&)”: 未能从“std::vector<float,std::allocator<_Ty>>”为“const _Elem *”推导 模板 参数
          with
          [
              _Ty=float
          ]
  c:\program files (x86)\microsoft visual studio 14.0\vc\include\xstring(2414): note: 参见“std::operator +”的声明
f:\code\projects\zqlib\sampleshapeinterpolation\zq_shapeinterpolation.h(161): error C2784: “std::basic_string<_Elem,_Traits,_Alloc> std::operator +(const _Elem,std::basic_string<_Elem,_Traits,_Alloc> &&)”: 未能从“int”为“std::basic_string<_Elem,_Traits,_Alloc> &&”推导 模板 参数
  c:\program files (x86)\microsoft visual studio 14.0\vc\include\xstring(2424): note: 参见“std::operator +”的声明
f:\code\projects\zqlib\sampleshapeinterpolation\zq_shapeinterpolation.h(161): error C2784: “std::basic_string<_Elem,_Traits,_Alloc> std::operator +(std::basic_string<_Elem,_Traits,_Alloc> &&,const _Elem *)”: 未能从“std::vector<float,std::allocator<_Ty>>”为“std::basic_string<_Elem,_Traits,_Alloc> &&”推导 模板 参数
          with
          [
              _Ty=float
          ]
  c:\program files (x86)\microsoft visual studio 14.0\vc\include\xstring(2436): note: 参见“std::operator +”的声明
f:\code\projects\zqlib\sampleshapeinterpolation\zq_shapeinterpolation.h(161): error C2784: “std::basic_string<_Elem,_Traits,_Alloc> std::operator +(std::basic_string<_Elem,_Traits,_Alloc> &&,const _Elem)”: 未能从“std::vector<float,std::allocator<_Ty>>”为“std::basic_string<_Elem,_Traits,_Alloc> &&”推导 模板 参数
          with
          [
              _Ty=float
          ]
  c:\program files (x86)\microsoft visual studio 14.0\vc\include\xstring(2446): note: 参见“std::operator +”的声明
f:\code\projects\zqlib\sampleshapeinterpolation\zq_shapeinterpolation.h(161): error C2784: “std::_Vector_const_iterator<_Myvec> std::operator +(_Vector_const_iterator<_Myvec>::difference_type,std::_Vector_const_iterator<_Myvec>)”: 未能从“int”为“std::_Vector_const_iterator<_Myvec>”推导 模板 参数
  c:\program files (x86)\microsoft visual studio 14.0\vc\include\vector(285): note: 参见“std::operator +”的声明
f:\code\projects\zqlib\sampleshapeinterpolation\zq_shapeinterpolation.h(161): error C2784: “std::_Vector_iterator<_Myvec> std::operator +(_Vector_iterator<_Myvec>::difference_type,std::_Vector_iterator<_Myvec>)”: 未能从“int”为“std::_Vector_iterator<_Myvec>”推导 模板 参数
  c:\program files (x86)\microsoft visual studio 14.0\vc\include\vector(416): note: 参见“std::operator +”的声明
f:\code\projects\zqlib\sampleshapeinterpolation\zq_shapeinterpolation.h(161): error C2784: “std::_Vb_const_iterator<_Alloc> std::operator +(_Alloc::difference_type,std::_Vb_const_iterator<_Alloc>)”: 未能从“int”为“std::_Vb_const_iterator<_Alloc>”推导 模板 参数
  c:\program files (x86)\microsoft visual studio 14.0\vc\include\vector(2203): note: 参见“std::operator +”的声明
f:\code\projects\zqlib\sampleshapeinterpolation\zq_shapeinterpolation.h(161): error C2784: “std::_Vb_iterator<_Alloc> std::operator +(_Alloc::difference_type,std::_Vb_iterator<_Alloc>)”: 未能从“int”为“std::_Vb_iterator<_Alloc>”推导 模板 参数
  c:\program files (x86)\microsoft visual studio 14.0\vc\include\vector(2310): note: 参见“std::operator +”的声明
f:\code\projects\zqlib\sampleshapeinterpolation\zq_shapeinterpolation.h(161): error C2784: “std::complex<_Other> std::operator +(const std::complex<_Other> &,const std::complex<_Other> &)”: 未能从“std::vector<float,std::allocator<_Ty>>”为“const std::complex<_Other> &”推导 模板 参数
          with
          [
              _Ty=float
          ]
  c:\program files (x86)\microsoft visual studio 14.0\vc\include\xcomplex(6): note: 参见“std::operator +”的声明
f:\code\projects\zqlib\sampleshapeinterpolation\zq_shapeinterpolation.h(161): error C2784: “std::complex<_Other> std::operator +(const std::complex<_Other> &,const _Ty &)”: 未能从“std::vector<float,std::allocator<_Ty>>”为“const std::complex<_Other> &”推导 模板 参数
          with
          [
              _Ty=float
          ]
  c:\program files (x86)\microsoft visual studio 14.0\vc\include\xcomplex(14): note: 参见“std::operator +”的声明
f:\code\projects\zqlib\sampleshapeinterpolation\zq_shapeinterpolation.h(161): error C2784: “std::complex<_Other> std::operator +(const _Ty &,const std::complex<_Other> &)”: 未能从“int”为“const std::complex<_Other> &”推导 模板 参数
  c:\program files (x86)\microsoft visual studio 14.0\vc\include\xcomplex(23): note: 参见“std::operator +”的声明
f:\code\projects\zqlib\sampleshapeinterpolation\zq_shapeinterpolation.h(161): error C2784: “std::_Deque_unchecked_const_iterator<_Mydeque> std::operator +(_Deque_unchecked_const_iterator<_Mydeque>::difference_type,std::_Deque_unchecked_const_iterator<_Mydeque>)”: 未能从“int”为“std::_Deque_unchecked_const_iterator<_Mydeque>”推导 模板 参数
  c:\program files (x86)\microsoft visual studio 14.0\vc\include\deque(166): note: 参见“std::operator +”的声明
f:\code\projects\zqlib\sampleshapeinterpolation\zq_shapeinterpolation.h(161): error C2784: “std::_Deque_unchecked_iterator<_Mydeque> std::operator +(_Deque_unchecked_iterator<_Mydeque>::difference_type,std::_Deque_unchecked_iterator<_Mydeque>)”: 未能从“int”为“std::_Deque_unchecked_iterator<_Mydeque>”推导 模板 参数
  c:\program files (x86)\microsoft visual studio 14.0\vc\include\deque(271): note: 参见“std::operator +”的声明
f:\code\projects\zqlib\sampleshapeinterpolation\zq_shapeinterpolation.h(161): error C2784: “std::_Deque_const_iterator<_Mydeque> std::operator +(_Deque_const_iterator<_Mydeque>::difference_type,std::_Deque_const_iterator<_Mydeque>)”: 未能从“int”为“std::_Deque_const_iterator<_Mydeque>”推导 模板 参数
  c:\program files (x86)\microsoft visual studio 14.0\vc\include\deque(542): note: 参见“std::operator +”的声明
f:\code\projects\zqlib\sampleshapeinterpolation\zq_shapeinterpolation.h(161): error C2784: “std::_Deque_iterator<_Mydeque> std::operator +(_Deque_iterator<_Mydeque>::difference_type,std::_Deque_iterator<_Mydeque>)”: 未能从“int”为“std::_Deque_iterator<_Mydeque>”推导 模板 参数
  c:\program files (x86)\microsoft visual studio 14.0\vc\include\deque(675): note: 参见“std::operator +”的声明
f:\code\projects\zqlib\sampleshapeinterpolation\zq_shapeinterpolation.h(161): error C2676: 二进制“+”:“std::vector<float,std::allocator<_Ty>>”不定义该运算符或到预定义运算符可接收的类型的转换
          with
          [
              _Ty=float
          ]
f:\code\projects\zqlib\sampleshapeinterpolation\zq_shapeinterpolation.h(161): error C2088: “+”: 对于 class 非法
f:\code\projects\zqlib\sampleshapeinterpolation\zq_shapeinterpolation.h(161): error C2660: “ZQ::ZQ_ShapeInterpolation<T>::_compute_A”: 函数不接受 2 个参数
          with
          [
              T=float
          ]
f:\code\projects\zqlib\sampleshapeinterpolation\zq_shapeinterpolation.h(171): error C2784: “std::reverse_iterator<_RanIt> std::operator +(reverse_iterator<_RanIt>::difference_type,const std::reverse_iterator<_RanIt> &)”: 未能从“int”为“const std::reverse_iterator<_RanIt> &”推导 模板 参数
  c:\program files (x86)\microsoft visual studio 14.0\vc\include\xutility(1280): note: 参见“std::operator +”的声明
f:\code\projects\zqlib\sampleshapeinterpolation\zq_shapeinterpolation.h(171): error C2784: “std::_Array_const_iterator<_Ty,_Size> std::operator +(_Array_const_iterator<_Ty,_Size>::difference_type,std::_Array_const_iterator<_Ty,_Size>)”: 未能从“int”为“std::_Array_const_iterator<_Ty,_Size>”推导 模板 参数
  c:\program files (x86)\microsoft visual studio 14.0\vc\include\xutility(1910): note: 参见“std::operator +”的声明
f:\code\projects\zqlib\sampleshapeinterpolation\zq_shapeinterpolation.h(171): error C2784: “std::_Array_iterator<_Ty,_Size> std::operator +(_Array_iterator<_Ty,_Size>::difference_type,std::_Array_iterator<_Ty,_Size>)”: 未能从“int”为“std::_Array_iterator<_Ty,_Size>”推导 模板 参数
  c:\program files (x86)\microsoft visual studio 14.0\vc\include\xutility(2046): note: 参见“std::operator +”的声明
f:\code\projects\zqlib\sampleshapeinterpolation\zq_shapeinterpolation.h(171): error C2784: “std::move_iterator<_RanIt> std::operator +(_Diff,const std::move_iterator<_RanIt> &)”: 未能从“int”为“const std::move_iterator<_RanIt> &”推导 模板 参数
  c:\program files (x86)\microsoft visual studio 14.0\vc\include\xutility(2195): note: 参见“std::operator +”的声明
f:\code\projects\zqlib\sampleshapeinterpolation\zq_shapeinterpolation.h(171): error C2784: “std::_String_const_iterator<_Mystr> std::operator +(_String_const_iterator<_Mystr>::difference_type,std::_String_const_iterator<_Mystr>)”: 未能从“int”为“std::_String_const_iterator<_Mystr>”推导 模板 参数
  c:\program files (x86)\microsoft visual studio 14.0\vc\include\xstring(293): note: 参见“std::operator +”的声明
f:\code\projects\zqlib\sampleshapeinterpolation\zq_shapeinterpolation.h(171): error C2784: “std::_String_iterator<_Mystr> std::operator +(_String_iterator<_Mystr>::difference_type,std::_String_iterator<_Mystr>)”: 未能从“int”为“std::_String_iterator<_Mystr>”推导 模板 参数
  c:\program files (x86)\microsoft visual studio 14.0\vc\include\xstring(425): note: 参见“std::operator +”的声明
f:\code\projects\zqlib\sampleshapeinterpolation\zq_shapeinterpolation.h(171): error C2784: “std::basic_string<_Elem,_Traits,_Alloc> std::operator +(const std::basic_string<_Elem,_Traits,_Alloc> &,const std::basic_string<_Elem,_Traits,_Alloc> &)”: 未能从“std::vector<float,std::allocator<_Ty>>”为“const std::basic_string<_Elem,_Traits,_Alloc> &”推导 模板 参数
          with
          [
              _Ty=float
          ]
  c:\program files (x86)\microsoft visual studio 14.0\vc\include\xstring(2310): note: 参见“std::operator +”的声明
f:\code\projects\zqlib\sampleshapeinterpolation\zq_shapeinterpolation.h(171): error C2784: “std::basic_string<_Elem,_Traits,_Alloc> std::operator +(const _Elem *,const std::basic_string<_Elem,_Traits,_Alloc> &)”: 未能从“std::vector<float,std::allocator<_Ty>>”为“const _Elem *”推导 模板 参数
          with
          [
              _Ty=float
          ]
  c:\program files (x86)\microsoft visual studio 14.0\vc\include\xstring(2324): note: 参见“std::operator +”的声明
f:\code\projects\zqlib\sampleshapeinterpolation\zq_shapeinterpolation.h(171): error C2784: “std::basic_string<_Elem,_Traits,_Alloc> std::operator +(const _Elem,const std::basic_string<_Elem,_Traits,_Alloc> &)”: 未能从“int”为“const std::basic_string<_Elem,_Traits,_Alloc> &”推导 模板 参数
  c:\program files (x86)\microsoft visual studio 14.0\vc\include\xstring(2338): note: 参见“std::operator +”的声明
f:\code\projects\zqlib\sampleshapeinterpolation\zq_shapeinterpolation.h(171): error C2784: “std::basic_string<_Elem,_Traits,_Alloc> std::operator +(const std::basic_string<_Elem,_Traits,_Alloc> &,const _Elem *)”: 未能从“std::vector<float,std::allocator<_Ty>>”为“const std::basic_string<_Elem,_Traits,_Alloc> &”推导 模板 参数
          with
          [
              _Ty=float
          ]
  c:\program files (x86)\microsoft visual studio 14.0\vc\include\xstring(2352): note: 参见“std::operator +”的声明
f:\code\projects\zqlib\sampleshapeinterpolation\zq_shapeinterpolation.h(171): error C2784: “std::basic_string<_Elem,_Traits,_Alloc> std::operator +(const std::basic_string<_Elem,_Traits,_Alloc> &,const _Elem)”: 未能从“std::vector<float,std::allocator<_Ty>>”为“const std::basic_string<_Elem,_Traits,_Alloc> &”推导 模板 参数
          with
          [
              _Ty=float
          ]
  c:\program files (x86)\microsoft visual studio 14.0\vc\include\xstring(2366): note: 参见“std::operator +”的声明
f:\code\projects\zqlib\sampleshapeinterpolation\zq_shapeinterpolation.h(171): error C2784: “std::basic_string<_Elem,_Traits,_Alloc> std::operator +(const std::basic_string<_Elem,_Traits,_Alloc> &,std::basic_string<_Elem,_Traits,_Alloc> &&)”: 未能从“std::vector<float,std::allocator<_Ty>>”为“const std::basic_string<_Elem,_Traits,_Alloc> &”推导 模板 参数
          with
          [
              _Ty=float
          ]
  c:\program files (x86)\microsoft visual studio 14.0\vc\include\xstring(2380): note: 参见“std::operator +”的声明
f:\code\projects\zqlib\sampleshapeinterpolation\zq_shapeinterpolation.h(171): error C2784: “std::basic_string<_Elem,_Traits,_Alloc> std::operator +(std::basic_string<_Elem,_Traits,_Alloc> &&,const std::basic_string<_Elem,_Traits,_Alloc> &)”: 未能从“std::vector<float,std::allocator<_Ty>>”为“std::basic_string<_Elem,_Traits,_Alloc> &&”推导 模板 参数
          with
          [
              _Ty=float
          ]
  c:\program files (x86)\microsoft visual studio 14.0\vc\include\xstring(2390): note: 参见“std::operator +”的声明
f:\code\projects\zqlib\sampleshapeinterpolation\zq_shapeinterpolation.h(171): error C2784: “std::basic_string<_Elem,_Traits,_Alloc> std::operator +(std::basic_string<_Elem,_Traits,_Alloc> &&,std::basic_string<_Elem,_Traits,_Alloc> &&)”: 未能从“std::vector<float,std::allocator<_Ty>>”为“std::basic_string<_Elem,_Traits,_Alloc> &&”推导 模板 参数
          with
          [
              _Ty=float
          ]
  c:\program files (x86)\microsoft visual studio 14.0\vc\include\xstring(2400): note: 参见“std::operator +”的声明
f:\code\projects\zqlib\sampleshapeinterpolation\zq_shapeinterpolation.h(171): error C2784: “std::basic_string<_Elem,_Traits,_Alloc> std::operator +(const _Elem *,std::basic_string<_Elem,_Traits,_Alloc> &&)”: 未能从“std::vector<float,std::allocator<_Ty>>”为“const _Elem *”推导 模板 参数
          with
          [
              _Ty=float
          ]
  c:\program files (x86)\microsoft visual studio 14.0\vc\include\xstring(2414): note: 参见“std::operator +”的声明
f:\code\projects\zqlib\sampleshapeinterpolation\zq_shapeinterpolation.h(171): error C2784: “std::basic_string<_Elem,_Traits,_Alloc> std::operator +(const _Elem,std::basic_string<_Elem,_Traits,_Alloc> &&)”: 未能从“int”为“std::basic_string<_Elem,_Traits,_Alloc> &&”推导 模板 参数
  c:\program files (x86)\microsoft visual studio 14.0\vc\include\xstring(2424): note: 参见“std::operator +”的声明
f:\code\projects\zqlib\sampleshapeinterpolation\zq_shapeinterpolation.h(171): error C2784: “std::basic_string<_Elem,_Traits,_Alloc> std::operator +(std::basic_string<_Elem,_Traits,_Alloc> &&,const _Elem *)”: 未能从“std::vector<float,std::allocator<_Ty>>”为“std::basic_string<_Elem,_Traits,_Alloc> &&”推导 模板 参数
          with
          [
              _Ty=float
          ]
  c:\program files (x86)\microsoft visual studio 14.0\vc\include\xstring(2436): note: 参见“std::operator +”的声明
f:\code\projects\zqlib\sampleshapeinterpolation\zq_shapeinterpolation.h(171): error C2784: “std::basic_string<_Elem,_Traits,_Alloc> std::operator +(std::basic_string<_Elem,_Traits,_Alloc> &&,const _Elem)”: 未能从“std::vector<float,std::allocator<_Ty>>”为“std::basic_string<_Elem,_Traits,_Alloc> &&”推导 模板 参数
          with
          [
              _Ty=float
          ]
  c:\program files (x86)\microsoft visual studio 14.0\vc\include\xstring(2446): note: 参见“std::operator +”的声明
f:\code\projects\zqlib\sampleshapeinterpolation\zq_shapeinterpolation.h(171): error C2784: “std::_Vector_const_iterator<_Myvec> std::operator +(_Vector_const_iterator<_Myvec>::difference_type,std::_Vector_const_iterator<_Myvec>)”: 未能从“int”为“std::_Vector_const_iterator<_Myvec>”推导 模板 参数
  c:\program files (x86)\microsoft visual studio 14.0\vc\include\vector(285): note: 参见“std::operator +”的声明
f:\code\projects\zqlib\sampleshapeinterpolation\zq_shapeinterpolation.h(171): error C2784: “std::_Vector_iterator<_Myvec> std::operator +(_Vector_iterator<_Myvec>::difference_type,std::_Vector_iterator<_Myvec>)”: 未能从“int”为“std::_Vector_iterator<_Myvec>”推导 模板 参数
  c:\program files (x86)\microsoft visual studio 14.0\vc\include\vector(416): note: 参见“std::operator +”的声明
f:\code\projects\zqlib\sampleshapeinterpolation\zq_shapeinterpolation.h(171): error C2784: “std::_Vb_const_iterator<_Alloc> std::operator +(_Alloc::difference_type,std::_Vb_const_iterator<_Alloc>)”: 未能从“int”为“std::_Vb_const_iterator<_Alloc>”推导 模板 参数
  c:\program files (x86)\microsoft visual studio 14.0\vc\include\vector(2203): note: 参见“std::operator +”的声明
f:\code\projects\zqlib\sampleshapeinterpolation\zq_shapeinterpolation.h(171): error C2784: “std::_Vb_iterator<_Alloc> std::operator +(_Alloc::difference_type,std::_Vb_iterator<_Alloc>)”: 未能从“int”为“std::_Vb_iterator<_Alloc>”推导 模板 参数
  c:\program files (x86)\microsoft visual studio 14.0\vc\include\vector(2310): note: 参见“std::operator +”的声明
f:\code\projects\zqlib\sampleshapeinterpolation\zq_shapeinterpolation.h(171): error C2784: “std::complex<_Other> std::operator +(const std::complex<_Other> &,const std::complex<_Other> &)”: 未能从“std::vector<float,std::allocator<_Ty>>”为“const std::complex<_Other> &”推导 模板 参数
          with
          [
              _Ty=float
          ]
  c:\program files (x86)\microsoft visual studio 14.0\vc\include\xcomplex(6): note: 参见“std::operator +”的声明
f:\code\projects\zqlib\sampleshapeinterpolation\zq_shapeinterpolation.h(171): error C2784: “std::complex<_Other> std::operator +(const std::complex<_Other> &,const _Ty &)”: 未能从“std::vector<float,std::allocator<_Ty>>”为“const std::complex<_Other> &”推导 模板 参数
          with
          [
              _Ty=float
          ]
  c:\program files (x86)\microsoft visual studio 14.0\vc\include\xcomplex(14): note: 参见“std::operator +”的声明
f:\code\projects\zqlib\sampleshapeinterpolation\zq_shapeinterpolation.h(171): error C2784: “std::complex<_Other> std::operator +(const _Ty &,const std::complex<_Other> &)”: 未能从“int”为“const std::complex<_Other> &”推导 模板 参数
  c:\program files (x86)\microsoft visual studio 14.0\vc\include\xcomplex(23): note: 参见“std::operator +”的声明
f:\code\projects\zqlib\sampleshapeinterpolation\zq_shapeinterpolation.h(171): error C2784: “std::_Deque_unchecked_const_iterator<_Mydeque> std::operator +(_Deque_unchecked_const_iterator<_Mydeque>::difference_type,std::_Deque_unchecked_const_iterator<_Mydeque>)”: 未能从“int”为“std::_Deque_unchecked_const_iterator<_Mydeque>”推导 模板 参数
  c:\program files (x86)\microsoft visual studio 14.0\vc\include\deque(166): note: 参见“std::operator +”的声明
f:\code\projects\zqlib\sampleshapeinterpolation\zq_shapeinterpolation.h(171): error C2784: “std::_Deque_unchecked_iterator<_Mydeque> std::operator +(_Deque_unchecked_iterator<_Mydeque>::difference_type,std::_Deque_unchecked_iterator<_Mydeque>)”: 未能从“int”为“std::_Deque_unchecked_iterator<_Mydeque>”推导 模板 参数
  c:\program files (x86)\microsoft visual studio 14.0\vc\include\deque(271): note: 参见“std::operator +”的声明
f:\code\projects\zqlib\sampleshapeinterpolation\zq_shapeinterpolation.h(171): error C2784: “std::_Deque_const_iterator<_Mydeque> std::operator +(_Deque_const_iterator<_Mydeque>::difference_type,std::_Deque_const_iterator<_Mydeque>)”: 未能从“int”为“std::_Deque_const_iterator<_Mydeque>”推导 模板 参数
  c:\program files (x86)\microsoft visual studio 14.0\vc\include\deque(542): note: 参见“std::operator +”的声明
f:\code\projects\zqlib\sampleshapeinterpolation\zq_shapeinterpolation.h(171): error C2784: “std::_Deque_iterator<_Mydeque> std::operator +(_Deque_iterator<_Mydeque>::difference_type,std::_Deque_iterator<_Mydeque>)”: 未能从“int”为“std::_Deque_iterator<_Mydeque>”推导 模板 参数
  c:\program files (x86)\microsoft visual studio 14.0\vc\include\deque(675): note: 参见“std::operator +”的声明
f:\code\projects\zqlib\sampleshapeinterpolation\zq_shapeinterpolation.h(171): error C2676: 二进制“+”:“std::vector<float,std::allocator<_Ty>>”不定义该运算符或到预定义运算符可接收的类型的转换
          with
          [
              _Ty=float
          ]
f:\code\projects\zqlib\sampleshapeinterpolation\zq_shapeinterpolation.h(171): error C2088: “+”: 对于 class 非法
f:\code\projects\zqlib\sampleshapeinterpolation\zq_shapeinterpolation.h(171): error C2660: “ZQ::ZQ_ShapeInterpolation<T>::_compute_Coeff_of_B”: 函数不接受 2 个参数
          with
          [
              T=float
          ]
f:\code\projects\zqlib\sampleshapeinterpolation\zq_shapeinterpolation.h(231): error C2784: “std::reverse_iterator<_RanIt> std::operator +(reverse_iterator<_RanIt>::difference_type,const std::reverse_iterator<_RanIt> &)”: 未能从“int”为“const std::reverse_iterator<_RanIt> &”推导 模板 参数
  c:\program files (x86)\microsoft visual studio 14.0\vc\include\xutility(1280): note: 参见“std::operator +”的声明
f:\code\projects\zqlib\sampleshapeinterpolation\zq_shapeinterpolation.h(231): error C2784: “std::_Array_const_iterator<_Ty,_Size> std::operator +(_Array_const_iterator<_Ty,_Size>::difference_type,std::_Array_const_iterator<_Ty,_Size>)”: 未能从“int”为“std::_Array_const_iterator<_Ty,_Size>”推导 模板 参数
  c:\program files (x86)\microsoft visual studio 14.0\vc\include\xutility(1910): note: 参见“std::operator +”的声明
f:\code\projects\zqlib\sampleshapeinterpolation\zq_shapeinterpolation.h(231): error C2784: “std::_Array_iterator<_Ty,_Size> std::operator +(_Array_iterator<_Ty,_Size>::difference_type,std::_Array_iterator<_Ty,_Size>)”: 未能从“int”为“std::_Array_iterator<_Ty,_Size>”推导 模板 参数
  c:\program files (x86)\microsoft visual studio 14.0\vc\include\xutility(2046): note: 参见“std::operator +”的声明
f:\code\projects\zqlib\sampleshapeinterpolation\zq_shapeinterpolation.h(231): error C2784: “std::move_iterator<_RanIt> std::operator +(_Diff,const std::move_iterator<_RanIt> &)”: 未能从“int”为“const std::move_iterator<_RanIt> &”推导 模板 参数
  c:\program files (x86)\microsoft visual studio 14.0\vc\include\xutility(2195): note: 参见“std::operator +”的声明
f:\code\projects\zqlib\sampleshapeinterpolation\zq_shapeinterpolation.h(231): error C2784: “std::_String_const_iterator<_Mystr> std::operator +(_String_const_iterator<_Mystr>::difference_type,std::_String_const_iterator<_Mystr>)”: 未能从“int”为“std::_String_const_iterator<_Mystr>”推导 模板 参数
  c:\program files (x86)\microsoft visual studio 14.0\vc\include\xstring(293): note: 参见“std::operator +”的声明
f:\code\projects\zqlib\sampleshapeinterpolation\zq_shapeinterpolation.h(231): error C2784: “std::_String_iterator<_Mystr> std::operator +(_String_iterator<_Mystr>::difference_type,std::_String_iterator<_Mystr>)”: 未能从“int”为“std::_String_iterator<_Mystr>”推导 模板 参数
  c:\program files (x86)\microsoft visual studio 14.0\vc\include\xstring(425): note: 参见“std::operator +”的声明
f:\code\projects\zqlib\sampleshapeinterpolation\zq_shapeinterpolation.h(231): fatal error C1003: 错误计数超过 100；正在停止编译
